<?xml version="1.0" encoding="UTF-8"?>
<!-- Generated by org.testng.reporters.JUnitXMLReporter -->
<testsuite hostname="DESKTOP-ASCIFFB" ignored="0" name="Default test" tests="18" failures="0" timestamp="2022-08-30T14:13:35 IST" time="0.178" errors="0">
  <testcase name="f31" time="0.016" classname="TestNG.Groupsflags"/>
  <testcase name="ft1" time="0.002" classname="TestNG.Groupsflags"/>
  <testcase name="ft2" time="0.001" classname="TestNG.Groupsflags"/>
  <testcase name="ft4" time="0.003" classname="TestNG.Groupsflags"/>
  <testcase name="ft5" time="0.004" classname="TestNG.Groupsflags"/>
  <testcase name="ft6" time="0.001" classname="TestNG.Groupsflags"/>
  <testcase name="it1" time="0.002" classname="TestNG.Groupsflags"/>
  <testcase name="it2" time="0.003" classname="TestNG.Groupsflags"/>
  <testcase name="it3" time="0.001" classname="TestNG.Groupsflags"/>
  <testcase name="it4" time="0.002" classname="TestNG.Groupsflags"/>
  <testcase name="it5" time="0.001" classname="TestNG.Groupsflags"/>
  <testcase name="it6" time="0.003" classname="TestNG.Groupsflags"/>
  <testcase name="sm1" time="0.002" classname="TestNG.Groupsflags"/>
  <testcase name="sm2" time="0.002" classname="TestNG.Groupsflags"/>
  <testcase name="sm3" time="0.0" classname="TestNG.Groupsflags"/>
  <testcase name="sm4" time="0.002" classname="TestNG.Groupsflags"/>
  <testcase name="sm5" time="0.001" classname="TestNG.Groupsflags"/>
  <testcase name="sm6" time="0.002" classname="TestNG.Groupsflags"/>
</testsuite> <!-- Default test -->
